[2017-05-28 16:46:09] WeeChat 1.9-dev (git: v1.8-36-ga0f1f3fd6) (compiled on May 28 2017 16:10:29)
[2017-05-28 16:46:09] Reading configuration file sec.conf
[2017-05-28 16:46:09] Reading configuration file weechat.conf
[2017-05-28 16:46:09] Reading configuration file plugins.conf
[2017-05-28 16:46:09] Reading configuration file charset.conf
[2017-05-28 16:46:09] Reading configuration file logger.conf
[2017-05-28 16:46:09] Reading configuration file exec.conf
[2017-05-28 16:46:09] Reading configuration file trigger.conf
[2017-05-28 16:46:09] Reading configuration file aspell.conf
[2017-05-28 16:46:09] Reading configuration file alias.conf
[2017-05-28 16:46:09] Reading configuration file buflist.conf
[2017-05-28 16:46:09] Reading configuration file fifo.conf
[2017-05-28 16:46:09] Reading configuration file xfer.conf
[2017-05-28 16:46:09] Reading configuration file irc.conf
[2017-05-28 16:46:09] Reading configuration file relay.conf
[2017-05-28 16:46:09] Reading configuration file script.conf
[2017-05-28 16:46:09] irc: connecting to server spunkyhunky.duckdns.org/50445 (SSL)...
[2017-05-28 16:46:14] Writing configuration file plugins.conf
[2017-05-28 16:46:14] Writing configuration file exec.conf
[2017-05-28 16:46:14] Writing configuration file script.conf
[2017-05-28 16:46:14] Writing configuration file trigger.conf
[2017-05-28 16:46:14] Writing configuration file xfer.conf
[2017-05-28 16:46:14] Writing configuration file logger.conf
[2017-05-28 16:46:14] Writing configuration file buflist.conf
[2017-05-28 16:46:14] Writing configuration file charset.conf
[2017-05-28 16:46:14] Writing configuration file irc.conf
[2017-05-28 16:46:14] Writing configuration file fifo.conf
[2017-05-28 16:46:14] Writing configuration file relay.conf
[2017-05-28 16:46:14] Writing configuration file aspell.conf
[2017-05-28 16:46:14] Writing configuration file alias.conf
[2017-05-28 16:46:14] Writing configuration file weechat.conf
[2017-05-28 16:46:14] Writing configuration file sec.conf
